c:\users\ziwon\source\repos\jiwon-jeong\algorithms\apss\x64\debug\vc141.pdb
c:\users\ziwon\source\repos\jiwon-jeong\algorithms\apss\x64\debug\vc141.idb
c:\users\ziwon\source\repos\jiwon-jeong\algorithms\apss\x64\debug\_boj_10828.obj
c:\users\ziwon\source\repos\jiwon-jeong\algorithms\apss\x64\debug\_boj_9093.obj
c:\users\ziwon\source\repos\jiwon-jeong\algorithms\apss\x64\debug\_boj_9012.obj
c:\users\ziwon\source\repos\jiwon-jeong\algorithms\apss\x64\debug\_boj_1874.obj
c:\users\ziwon\source\repos\jiwon-jeong\algorithms\apss\x64\debug\study.obj
c:\users\ziwon\source\repos\jiwon-jeong\algorithms\apss\x64\debug\_boj_1406.obj
c:\users\ziwon\source\repos\jiwon-jeong\algorithms\apss\x64\debug\_boj_1158.obj
c:\users\ziwon\source\repos\jiwon-jeong\algorithms\apss\x64\debug\_boj_2504.obj
c:\users\ziwon\source\repos\jiwon-jeong\algorithms\apss\x64\debug\_boj_2493.obj
c:\users\ziwon\source\repos\jiwon-jeong\algorithms\apss\x64\debug\_boj_1966.obj
c:\users\ziwon\source\repos\jiwon-jeong\algorithms\apss\x64\debug\_boj_1935.obj
c:\users\ziwon\source\repos\jiwon-jeong\algorithms\apss\x64\debug\_boj_17928.obj
c:\users\ziwon\source\repos\jiwon-jeong\algorithms\apss\x64\debug\_boj_10799.obj
c:\users\ziwon\source\repos\jiwon-jeong\algorithms\apss\x64\debug\_boj_17413.obj
c:\users\ziwon\source\repos\jiwon-jeong\algorithms\apss\x64\debug\_boj_1427.obj
c:\users\ziwon\source\repos\jiwon-jeong\algorithms\apss\x64\debug\_boj_10866.obj
c:\users\ziwon\source\repos\jiwon-jeong\algorithms\apss\x64\debug\_boj_1085.obj
c:\users\ziwon\source\repos\jiwon-jeong\algorithms\apss\x64\debug\_boj_17298.obj
c:\users\ziwon\source\repos\jiwon-jeong\algorithms\apss\x64\debug\_boj_17299.obj
c:\users\ziwon\source\repos\jiwon-jeong\algorithms\apss\x64\debug\_boj_10430.obj
c:\users\ziwon\source\repos\jiwon-jeong\algorithms\apss\x64\debug\_boj_2609.obj
c:\users\ziwon\source\repos\jiwon-jeong\algorithms\apss\x64\debug\_boj_1978.obj
c:\users\ziwon\source\repos\jiwon-jeong\algorithms\apss\x64\debug\_boj_6588.obj
c:\users\ziwon\source\repos\jiwon-jeong\algorithms\apss\x64\debug\_boj_10872.obj
c:\users\ziwon\source\repos\jiwon-jeong\algorithms\apss\x64\debug\_boj_1676.obj
c:\users\ziwon\source\repos\jiwon-jeong\algorithms\apss\x64\debug\_boj_2004.obj
c:\users\ziwon\source\repos\jiwon-jeong\algorithms\apss\x64\debug\_boj_9613.obj
c:\users\ziwon\source\repos\jiwon-jeong\algorithms\apss\x64\debug\_boj_1373.obj
c:\users\ziwon\source\repos\jiwon-jeong\algorithms\apss\x64\debug\_boj_1212.obj
c:\users\ziwon\source\repos\jiwon-jeong\algorithms\apss\x64\debug\_boj_1463.obj
c:\users\ziwon\source\repos\jiwon-jeong\algorithms\apss\x64\debug\_boj_11726.obj
c:\users\ziwon\source\repos\jiwon-jeong\algorithms\apss\x64\debug\_boj_11727.obj
c:\users\ziwon\source\repos\jiwon-jeong\algorithms\apss\x64\debug\_boj_10844.obj
c:\users\ziwon\source\repos\jiwon-jeong\algorithms\apss\x64\debug\_boj_2193.obj
c:\users\ziwon\source\repos\jiwon-jeong\algorithms\apss\x64\debug\_boj_11053.obj
c:\users\ziwon\source\repos\jiwon-jeong\algorithms\apss\x64\debug\_boj_14002.obj
c:\users\ziwon\source\repos\jiwon-jeong\algorithms\apss\x64\debug\_boj_1912.obj
c:\users\ziwon\source\repos\jiwon-jeong\algorithms\apss\x64\debug\_boj_1699.obj
c:\users\ziwon\source\repos\jiwon-jeong\algorithms\apss\x64\debug\_boj_2225.obj
c:\users\ziwon\source\repos\jiwon-jeong\algorithms\apss\x64\debug\_boj_15988.obj
c:\users\ziwon\source\repos\jiwon-jeong\algorithms\apss\x64\debug\_boj_1149.obj
c:\users\ziwon\source\repos\jiwon-jeong\algorithms\apss\x64\debug\_boj_1309.obj
c:\users\ziwon\source\repos\jiwon-jeong\algorithms\apss\x64\debug\_boj_11507.obj
c:\users\ziwon\source\repos\jiwon-jeong\algorithms\apss\x64\debug\_boj_9465.obj
c:\users\ziwon\source\repos\jiwon-jeong\algorithms\apss\x64\debug\_boj_2156.obj
c:\users\ziwon\source\repos\jiwon-jeong\algorithms\apss\x64\debug\_boj_1932.obj
c:\users\ziwon\source\repos\jiwon-jeong\algorithms\apss\x64\debug\_boj_11055.obj
c:\users\ziwon\source\repos\jiwon-jeong\algorithms\apss\x64\debug\_boj_11722.obj
c:\users\ziwon\source\repos\jiwon-jeong\algorithms\apss\x64\debug\_boj_11054.obj
c:\users\ziwon\source\repos\jiwon-jeong\algorithms\apss\x64\debug\_boj_13398.obj
c:\users\ziwon\source\repos\jiwon-jeong\algorithms\apss\x64\debug\_boj_2309.obj
c:\users\ziwon\source\repos\jiwon-jeong\algorithms\apss\x64\debug\_boj_3085.obj
c:\users\ziwon\source\repos\jiwon-jeong\algorithms\apss\x64\debug\_boj_1476.obj
c:\users\ziwon\source\repos\jiwon-jeong\algorithms\apss\x64\debug\_boj_6064.obj
c:\users\ziwon\source\repos\jiwon-jeong\algorithms\apss\x64\debug\_boj_1748.obj
c:\users\ziwon\source\repos\jiwon-jeong\algorithms\apss\x64\debug\_boj_15649.obj
c:\users\ziwon\source\repos\jiwon-jeong\algorithms\apss\x64\debug\_boj_15650.obj
c:\users\ziwon\source\repos\jiwon-jeong\algorithms\apss\x64\debug\_boj_15651.obj
c:\users\ziwon\source\repos\jiwon-jeong\algorithms\apss\x64\debug\_boj_15652.obj
c:\users\ziwon\source\repos\jiwon-jeong\algorithms\apss\x64\debug\_boj_15654.obj
c:\users\ziwon\source\repos\jiwon-jeong\algorithms\apss\x64\debug\_boj_15655.obj
c:\users\ziwon\source\repos\jiwon-jeong\algorithms\apss\x64\debug\_boj_15657.obj
c:\users\ziwon\source\repos\jiwon-jeong\algorithms\apss\x64\debug\_boj_15663.obj
c:\users\ziwon\source\repos\jiwon-jeong\algorithms\apss\x64\debug\_boj_15664.obj
c:\users\ziwon\source\repos\jiwon-jeong\algorithms\apss\x64\debug\_boj_15665.obj
c:\users\ziwon\source\repos\jiwon-jeong\algorithms\apss\x64\debug\_boj_15666.obj
c:\users\ziwon\source\repos\jiwon-jeong\algorithms\apss\x64\debug\_boj_10972.obj
c:\users\ziwon\source\repos\jiwon-jeong\algorithms\apss\x64\debug\_boj_10973.obj
c:\users\ziwon\source\repos\jiwon-jeong\algorithms\apss\x64\debug\_boj_10974.obj
c:\users\ziwon\source\repos\jiwon-jeong\algorithms\apss\x64\debug\_boj_10819.obj
c:\users\ziwon\source\repos\jiwon-jeong\algorithms\apss\x64\debug\_boj_10971.obj
c:\users\ziwon\source\repos\jiwon-jeong\algorithms\apss\x64\debug\_boj_6603.obj
c:\users\ziwon\source\repos\jiwon-jeong\algorithms\apss\x64\debug\_boj_9095_v3.obj
c:\users\ziwon\source\repos\jiwon-jeong\algorithms\apss\x64\debug\_boj_1759.obj
c:\users\ziwon\source\repos\jiwon-jeong\algorithms\apss\x64\debug\_boj_14501.obj
c:\users\ziwon\source\repos\jiwon-jeong\algorithms\apss\x64\debug\_boj_14889.obj
c:\users\ziwon\source\repos\jiwon-jeong\algorithms\apss\x64\debug\_boj_2529.obj
c:\users\ziwon\source\repos\jiwon-jeong\algorithms\apss\x64\debug\_boj_15661.obj
c:\users\ziwon\source\repos\jiwon-jeong\algorithms\apss\x64\debug\_boj_1248.obj
c:\users\ziwon\source\repos\jiwon-jeong\algorithms\apss\x64\debug\_boj_11723.obj
c:\users\ziwon\source\repos\jiwon-jeong\algorithms\apss\x64\debug\_boj_1182.obj
c:\users\ziwon\source\repos\jiwon-jeong\algorithms\apss\x64\debug\_boj_14889_bitmask.obj
c:\users\ziwon\source\repos\jiwon-jeong\algorithms\apss\x64\debug\_boj_13023.obj
c:\users\ziwon\source\repos\jiwon-jeong\algorithms\apss\x64\debug\_boj_1260.obj
c:\users\ziwon\source\repos\jiwon-jeong\algorithms\apss\x64\debug\_boj_11724.obj
c:\users\ziwon\source\repos\jiwon-jeong\algorithms\apss\x64\debug\_boj_1707.obj
c:\users\ziwon\source\repos\jiwon-jeong\algorithms\apss\x64\debug\_boj_4963.obj
c:\users\ziwon\source\repos\jiwon-jeong\algorithms\apss\x64\debug\_boj_2667.obj
c:\users\ziwon\source\repos\jiwon-jeong\algorithms\apss\x64\debug\_boj_2178.obj
c:\users\ziwon\source\repos\jiwon-jeong\algorithms\apss\x64\debug\_boj_7576.obj
c:\users\ziwon\source\repos\jiwon-jeong\algorithms\apss\x64\debug\_boj_7562.obj
c:\users\ziwon\source\repos\jiwon-jeong\algorithms\apss\x64\debug\test.obj
c:\users\ziwon\source\repos\jiwon-jeong\algorithms\apss\x64\debug\_boj_10818.obj
c:\users\ziwon\source\repos\jiwon-jeong\algorithms\apss\x64\debug\_boj_2577.obj
c:\users\ziwon\source\repos\jiwon-jeong\algorithms\apss\x64\debug\_boj_3052.obj
c:\users\ziwon\source\repos\jiwon-jeong\algorithms\apss\x64\debug\_boj_1546.obj
c:\users\ziwon\source\repos\jiwon-jeong\algorithms\apss\x64\debug\_boj_2562.obj
c:\users\ziwon\source\repos\jiwon-jeong\algorithms\apss\x64\debug\_boj_8958.obj
c:\users\ziwon\source\repos\jiwon-jeong\algorithms\apss\x64\debug\_boj_4344.obj
c:\users\ziwon\source\repos\jiwon-jeong\algorithms\apss\x64\debug\_boj_4673.obj
c:\users\ziwon\source\repos\jiwon-jeong\algorithms\apss\x64\debug\_boj_15996.obj
c:\users\ziwon\source\repos\jiwon-jeong\algorithms\apss\x64\debug\_boj_1065.obj
c:\users\ziwon\source\repos\jiwon-jeong\algorithms\apss\x64\debug\_boj_11720.obj
c:\users\ziwon\source\repos\jiwon-jeong\algorithms\apss\x64\debug\_boj_11654.obj
c:\users\ziwon\source\repos\jiwon-jeong\algorithms\apss\x64\debug\_boj_10809.obj
c:\users\ziwon\source\repos\jiwon-jeong\algorithms\apss\x64\debug\_boj_2675.obj
c:\users\ziwon\source\repos\jiwon-jeong\algorithms\apss\x64\debug\_boj_1157.obj
c:\users\ziwon\source\repos\jiwon-jeong\algorithms\apss\x64\debug\_boj_1152.obj
c:\users\ziwon\source\repos\jiwon-jeong\algorithms\apss\x64\debug\_boj_2908.obj
c:\users\ziwon\source\repos\jiwon-jeong\algorithms\apss\x64\debug\_boj_5622.obj
c:\users\ziwon\source\repos\jiwon-jeong\algorithms\apss\x64\debug\_boj_2941.obj
c:\users\ziwon\source\repos\jiwon-jeong\algorithms\apss\x64\debug\_boj_1316.obj
c:\users\ziwon\source\repos\jiwon-jeong\algorithms\apss\x64\debug\_boj_1712.obj
c:\users\ziwon\source\repos\jiwon-jeong\algorithms\apss\x64\debug\_al_linkedlist.obj
c:\users\ziwon\source\repos\jiwon-jeong\algorithms\apss\x64\debug\_al_quicksort.obj
c:\users\ziwon\source\repos\jiwon-jeong\algorithms\apss\x64\debug\_al_binarysearch.obj
c:\users\ziwon\source\repos\jiwon-jeong\algorithms\apss\x64\debug\_al_mst_kruskal.obj
c:\users\ziwon\source\repos\jiwon-jeong\algorithms\apss\x64\debug\_al_permutation.obj
c:\users\ziwon\source\repos\jiwon-jeong\algorithms\apss\x64\debug\_boj_1914.obj
c:\users\ziwon\source\repos\jiwon-jeong\algorithms\apss\x64\debug\_boj_11729.obj
c:\users\ziwon\source\repos\jiwon-jeong\algorithms\apss\x64\debug\_boj_1158_2.obj
c:\users\ziwon\source\repos\jiwon-jeong\algorithms\apss\x64\debug\_al_reverse-linkedlist.obj
c:\users\ziwon\source\repos\jiwon-jeong\algorithms\x64\debug\algo.exe
c:\users\ziwon\source\repos\jiwon-jeong\algorithms\x64\debug\algo.ilk
c:\users\ziwon\source\repos\jiwon-jeong\algorithms\x64\debug\algo.pdb
c:\users\ziwon\source\repos\jiwon-jeong\algorithms\apss\x64\debug\algo.tlog\cl.command.1.tlog
c:\users\ziwon\source\repos\jiwon-jeong\algorithms\apss\x64\debug\algo.tlog\cl.read.1.tlog
c:\users\ziwon\source\repos\jiwon-jeong\algorithms\apss\x64\debug\algo.tlog\cl.write.1.tlog
c:\users\ziwon\source\repos\jiwon-jeong\algorithms\apss\x64\debug\algo.tlog\link.command.1.tlog
c:\users\ziwon\source\repos\jiwon-jeong\algorithms\apss\x64\debug\algo.tlog\link.read.1.tlog
c:\users\ziwon\source\repos\jiwon-jeong\algorithms\apss\x64\debug\algo.tlog\link.write.1.tlog
